Determining if the pthread_create exist failed with the following output:
Change Dir: /home/djia/cs480Park/PA10/build/CMakeFiles/CMakeTmp

Run Build Command:"/usr/bin/make" "cmTC_31beb/fast"
/usr/bin/make -f CMakeFiles/cmTC_31beb.dir/build.make CMakeFiles/cmTC_31beb.dir/build
make[1]: Entering directory '/home/djia/cs480Park/PA10/build/CMakeFiles/CMakeTmp'
Building C object CMakeFiles/cmTC_31beb.dir/CheckSymbolExists.c.o
/usr/bin/cc     -o CMakeFiles/cmTC_31beb.dir/CheckSymbolExists.c.o   -c /home/djia/cs480Park/PA10/build/CMakeFiles/CMakeTmp/CheckSymbolExists.c
Linking C executable cmTC_31beb
/usr/bin/cmake -E cmake_link_script CMakeFiles/cmTC_31beb.dir/link.txt --verbose=1
/usr/bin/cc       CMakeFiles/cmTC_31beb.dir/CheckSymbolExists.c.o  -o cmTC_31beb -rdynamic 
CMakeFiles/cmTC_31beb.dir/CheckSymbolExists.c.o: In function `main':
CheckSymbolExists.c:(.text+0x1b): undefined reference to `pthread_create'
collect2: error: ld returned 1 exit status
CMakeFiles/cmTC_31beb.dir/build.make:97: recipe for target 'cmTC_31beb' failed
make[1]: *** [cmTC_31beb] Error 1
make[1]: Leaving directory '/home/djia/cs480Park/PA10/build/CMakeFiles/CMakeTmp'
Makefile:126: recipe for target 'cmTC_31beb/fast' failed
make: *** [cmTC_31beb/fast] Error 2

File /home/djia/cs480Park/PA10/build/CMakeFiles/CMakeTmp/CheckSymbolExists.c:
/* */
#include <pthread.h>

int main(int argc, char** argv)
{
  (void)argv;
#ifndef pthread_create
  return ((int*)(&pthread_create))[argc];
#else
  (void)argc;
  return 0;
#endif
}

Determining if the function pthread_create exists in the pthreads failed with the following output:
Change Dir: /home/djia/cs480Park/PA10/build/CMakeFiles/CMakeTmp

Run Build Command:"/usr/bin/make" "cmTC_a1b55/fast"
/usr/bin/make -f CMakeFiles/cmTC_a1b55.dir/build.make CMakeFiles/cmTC_a1b55.dir/build
make[1]: Entering directory '/home/djia/cs480Park/PA10/build/CMakeFiles/CMakeTmp'
Building C object CMakeFiles/cmTC_a1b55.dir/CheckFunctionExists.c.o
/usr/bin/cc    -DCHECK_FUNCTION_EXISTS=pthread_create   -o CMakeFiles/cmTC_a1b55.dir/CheckFunctionExists.c.o   -c /usr/share/cmake-3.7/Modules/CheckFunctionExists.c
Linking C executable cmTC_a1b55
/usr/bin/cmake -E cmake_link_script CMakeFiles/cmTC_a1b55.dir/link.txt --verbose=1
/usr/bin/cc   -DCHECK_FUNCTION_EXISTS=pthread_create    CMakeFiles/cmTC_a1b55.dir/CheckFunctionExists.c.o  -o cmTC_a1b55 -rdynamic -lpthreads 
/usr/bin/ld: cannot find -lpthreads
collect2: error: ld returned 1 exit status
CMakeFiles/cmTC_a1b55.dir/build.make:97: recipe for target 'cmTC_a1b55' failed
make[1]: *** [cmTC_a1b55] Error 1
make[1]: Leaving directory '/home/djia/cs480Park/PA10/build/CMakeFiles/CMakeTmp'
Makefile:126: recipe for target 'cmTC_a1b55/fast' failed
make: *** [cmTC_a1b55/fast] Error 2


