Determining if the pthread_create exist failed with the following output:
Change Dir: /home/zacharyy/Desktop/Graphics/cs480Park/PA11/build/CMakeFiles/CMakeTmp

Run Build Command:"/usr/bin/make" "cmTC_2da3c/fast"
/usr/bin/make -f CMakeFiles/cmTC_2da3c.dir/build.make CMakeFiles/cmTC_2da3c.dir/build
make[1]: Entering directory '/home/zacharyy/Desktop/Graphics/cs480Park/PA11/build/CMakeFiles/CMakeTmp'
Building C object CMakeFiles/cmTC_2da3c.dir/CheckSymbolExists.c.o
/usr/bin/cc     -o CMakeFiles/cmTC_2da3c.dir/CheckSymbolExists.c.o   -c /home/zacharyy/Desktop/Graphics/cs480Park/PA11/build/CMakeFiles/CMakeTmp/CheckSymbolExists.c
Linking C executable cmTC_2da3c
/usr/bin/cmake -E cmake_link_script CMakeFiles/cmTC_2da3c.dir/link.txt --verbose=1
/usr/bin/cc       CMakeFiles/cmTC_2da3c.dir/CheckSymbolExists.c.o  -o cmTC_2da3c -rdynamic 
CMakeFiles/cmTC_2da3c.dir/CheckSymbolExists.c.o: In function `main':
CheckSymbolExists.c:(.text+0x1b): undefined reference to `pthread_create'
collect2: error: ld returned 1 exit status
CMakeFiles/cmTC_2da3c.dir/build.make:97: recipe for target 'cmTC_2da3c' failed
make[1]: *** [cmTC_2da3c] Error 1
make[1]: Leaving directory '/home/zacharyy/Desktop/Graphics/cs480Park/PA11/build/CMakeFiles/CMakeTmp'
Makefile:126: recipe for target 'cmTC_2da3c/fast' failed
make: *** [cmTC_2da3c/fast] Error 2

File /home/zacharyy/Desktop/Graphics/cs480Park/PA11/build/CMakeFiles/CMakeTmp/CheckSymbolExists.c:
/* */
#include <pthread.h>

int main(int argc, char** argv)
{
  (void)argv;
#ifndef pthread_create
  return ((int*)(&pthread_create))[argc];
#else
  (void)argc;
  return 0;
#endif
}

Determining if the function pthread_create exists in the pthreads failed with the following output:
Change Dir: /home/zacharyy/Desktop/Graphics/cs480Park/PA11/build/CMakeFiles/CMakeTmp

Run Build Command:"/usr/bin/make" "cmTC_2e870/fast"
/usr/bin/make -f CMakeFiles/cmTC_2e870.dir/build.make CMakeFiles/cmTC_2e870.dir/build
make[1]: Entering directory '/home/zacharyy/Desktop/Graphics/cs480Park/PA11/build/CMakeFiles/CMakeTmp'
Building C object CMakeFiles/cmTC_2e870.dir/CheckFunctionExists.c.o
/usr/bin/cc    -DCHECK_FUNCTION_EXISTS=pthread_create   -o CMakeFiles/cmTC_2e870.dir/CheckFunctionExists.c.o   -c /usr/share/cmake-3.7/Modules/CheckFunctionExists.c
Linking C executable cmTC_2e870
/usr/bin/cmake -E cmake_link_script CMakeFiles/cmTC_2e870.dir/link.txt --verbose=1
/usr/bin/cc   -DCHECK_FUNCTION_EXISTS=pthread_create    CMakeFiles/cmTC_2e870.dir/CheckFunctionExists.c.o  -o cmTC_2e870 -rdynamic -lpthreads 
/usr/bin/ld: cannot find -lpthreads
collect2: error: ld returned 1 exit status
CMakeFiles/cmTC_2e870.dir/build.make:97: recipe for target 'cmTC_2e870' failed
make[1]: *** [cmTC_2e870] Error 1
make[1]: Leaving directory '/home/zacharyy/Desktop/Graphics/cs480Park/PA11/build/CMakeFiles/CMakeTmp'
Makefile:126: recipe for target 'cmTC_2e870/fast' failed
make: *** [cmTC_2e870/fast] Error 2


