Determining if the pthread_create exist failed with the following output:
Change Dir: /home/zacharyy/Desktop/MergeFolder/cs480Park/PA7/build/CMakeFiles/CMakeTmp

Run Build Command:"/usr/bin/make" "cmTC_22ed9/fast"
/usr/bin/make -f CMakeFiles/cmTC_22ed9.dir/build.make CMakeFiles/cmTC_22ed9.dir/build
make[1]: Entering directory '/home/zacharyy/Desktop/MergeFolder/cs480Park/PA7/build/CMakeFiles/CMakeTmp'
Building C object CMakeFiles/cmTC_22ed9.dir/CheckSymbolExists.c.o
/usr/bin/cc     -o CMakeFiles/cmTC_22ed9.dir/CheckSymbolExists.c.o   -c /home/zacharyy/Desktop/MergeFolder/cs480Park/PA7/build/CMakeFiles/CMakeTmp/CheckSymbolExists.c
Linking C executable cmTC_22ed9
/usr/bin/cmake -E cmake_link_script CMakeFiles/cmTC_22ed9.dir/link.txt --verbose=1
/usr/bin/cc       CMakeFiles/cmTC_22ed9.dir/CheckSymbolExists.c.o  -o cmTC_22ed9 -rdynamic 
CMakeFiles/cmTC_22ed9.dir/CheckSymbolExists.c.o: In function `main':
CheckSymbolExists.c:(.text+0x1b): undefined reference to `pthread_create'
collect2: error: ld returned 1 exit status
CMakeFiles/cmTC_22ed9.dir/build.make:97: recipe for target 'cmTC_22ed9' failed
make[1]: *** [cmTC_22ed9] Error 1
make[1]: Leaving directory '/home/zacharyy/Desktop/MergeFolder/cs480Park/PA7/build/CMakeFiles/CMakeTmp'
Makefile:126: recipe for target 'cmTC_22ed9/fast' failed
make: *** [cmTC_22ed9/fast] Error 2

File /home/zacharyy/Desktop/MergeFolder/cs480Park/PA7/build/CMakeFiles/CMakeTmp/CheckSymbolExists.c:
/* */
#include <pthread.h>

int main(int argc, char** argv)
{
  (void)argv;
#ifndef pthread_create
  return ((int*)(&pthread_create))[argc];
#else
  (void)argc;
  return 0;
#endif
}

Determining if the function pthread_create exists in the pthreads failed with the following output:
Change Dir: /home/zacharyy/Desktop/MergeFolder/cs480Park/PA7/build/CMakeFiles/CMakeTmp

Run Build Command:"/usr/bin/make" "cmTC_bae15/fast"
/usr/bin/make -f CMakeFiles/cmTC_bae15.dir/build.make CMakeFiles/cmTC_bae15.dir/build
make[1]: Entering directory '/home/zacharyy/Desktop/MergeFolder/cs480Park/PA7/build/CMakeFiles/CMakeTmp'
Building C object CMakeFiles/cmTC_bae15.dir/CheckFunctionExists.c.o
/usr/bin/cc    -DCHECK_FUNCTION_EXISTS=pthread_create   -o CMakeFiles/cmTC_bae15.dir/CheckFunctionExists.c.o   -c /usr/share/cmake-3.7/Modules/CheckFunctionExists.c
Linking C executable cmTC_bae15
/usr/bin/cmake -E cmake_link_script CMakeFiles/cmTC_bae15.dir/link.txt --verbose=1
/usr/bin/cc   -DCHECK_FUNCTION_EXISTS=pthread_create    CMakeFiles/cmTC_bae15.dir/CheckFunctionExists.c.o  -o cmTC_bae15 -rdynamic -lpthreads 
/usr/bin/ld: cannot find -lpthreads
collect2: error: ld returned 1 exit status
CMakeFiles/cmTC_bae15.dir/build.make:97: recipe for target 'cmTC_bae15' failed
make[1]: *** [cmTC_bae15] Error 1
make[1]: Leaving directory '/home/zacharyy/Desktop/MergeFolder/cs480Park/PA7/build/CMakeFiles/CMakeTmp'
Makefile:126: recipe for target 'cmTC_bae15/fast' failed
make: *** [cmTC_bae15/fast] Error 2


