Determining if the pthread_create exist failed with the following output:
Change Dir: /home/zacharyy/Desktop/Graphics/cs480Park/PA9/build/CMakeFiles/CMakeTmp

Run Build Command:"/usr/bin/make" "cmTC_f32ae/fast"
/usr/bin/make -f CMakeFiles/cmTC_f32ae.dir/build.make CMakeFiles/cmTC_f32ae.dir/build
make[1]: Entering directory '/home/zacharyy/Desktop/Graphics/cs480Park/PA9/build/CMakeFiles/CMakeTmp'
Building C object CMakeFiles/cmTC_f32ae.dir/CheckSymbolExists.c.o
/usr/bin/cc     -o CMakeFiles/cmTC_f32ae.dir/CheckSymbolExists.c.o   -c /home/zacharyy/Desktop/Graphics/cs480Park/PA9/build/CMakeFiles/CMakeTmp/CheckSymbolExists.c
Linking C executable cmTC_f32ae
/usr/bin/cmake -E cmake_link_script CMakeFiles/cmTC_f32ae.dir/link.txt --verbose=1
/usr/bin/cc       CMakeFiles/cmTC_f32ae.dir/CheckSymbolExists.c.o  -o cmTC_f32ae -rdynamic 
CMakeFiles/cmTC_f32ae.dir/CheckSymbolExists.c.o: In function `main':
CheckSymbolExists.c:(.text+0x1b): undefined reference to `pthread_create'
collect2: error: ld returned 1 exit status
CMakeFiles/cmTC_f32ae.dir/build.make:97: recipe for target 'cmTC_f32ae' failed
make[1]: *** [cmTC_f32ae] Error 1
make[1]: Leaving directory '/home/zacharyy/Desktop/Graphics/cs480Park/PA9/build/CMakeFiles/CMakeTmp'
Makefile:126: recipe for target 'cmTC_f32ae/fast' failed
make: *** [cmTC_f32ae/fast] Error 2

File /home/zacharyy/Desktop/Graphics/cs480Park/PA9/build/CMakeFiles/CMakeTmp/CheckSymbolExists.c:
/* */
#include <pthread.h>

int main(int argc, char** argv)
{
  (void)argv;
#ifndef pthread_create
  return ((int*)(&pthread_create))[argc];
#else
  (void)argc;
  return 0;
#endif
}

Determining if the function pthread_create exists in the pthreads failed with the following output:
Change Dir: /home/zacharyy/Desktop/Graphics/cs480Park/PA9/build/CMakeFiles/CMakeTmp

Run Build Command:"/usr/bin/make" "cmTC_43fb5/fast"
/usr/bin/make -f CMakeFiles/cmTC_43fb5.dir/build.make CMakeFiles/cmTC_43fb5.dir/build
make[1]: Entering directory '/home/zacharyy/Desktop/Graphics/cs480Park/PA9/build/CMakeFiles/CMakeTmp'
Building C object CMakeFiles/cmTC_43fb5.dir/CheckFunctionExists.c.o
/usr/bin/cc    -DCHECK_FUNCTION_EXISTS=pthread_create   -o CMakeFiles/cmTC_43fb5.dir/CheckFunctionExists.c.o   -c /usr/share/cmake-3.7/Modules/CheckFunctionExists.c
Linking C executable cmTC_43fb5
/usr/bin/cmake -E cmake_link_script CMakeFiles/cmTC_43fb5.dir/link.txt --verbose=1
/usr/bin/cc   -DCHECK_FUNCTION_EXISTS=pthread_create    CMakeFiles/cmTC_43fb5.dir/CheckFunctionExists.c.o  -o cmTC_43fb5 -rdynamic -lpthreads 
/usr/bin/ld: cannot find -lpthreads
collect2: error: ld returned 1 exit status
CMakeFiles/cmTC_43fb5.dir/build.make:97: recipe for target 'cmTC_43fb5' failed
make[1]: *** [cmTC_43fb5] Error 1
make[1]: Leaving directory '/home/zacharyy/Desktop/Graphics/cs480Park/PA9/build/CMakeFiles/CMakeTmp'
Makefile:126: recipe for target 'cmTC_43fb5/fast' failed
make: *** [cmTC_43fb5/fast] Error 2


